0 info it worked if it ends with ok
1 verbose cli [ 'node', '/usr/bin/npm', 'run', 'serve' ]
2 info using npm@2.5.1
3 info using node@v0.10.30
4 verbose node symlink /usr/bin/node
5 verbose run-script [ 'preserve', 'serve', 'postserve' ]
6 info preserve polymer-element-catalog@1.0.0
7 info serve polymer-element-catalog@1.0.0
8 verbose unsafe-perm in lifecycle true
9 info polymer-element-catalog@1.0.0 Failed to exec serve script
10 verbose stack Error: polymer-element-catalog@1.0.0 serve: `gulp serve`
10 verbose stack Exit status 8
10 verbose stack     at EventEmitter.<anonymous> (/usr/lib/node_modules/npm/lib/utils/lifecycle.js:213:16)
10 verbose stack     at EventEmitter.emit (events.js:98:17)
10 verbose stack     at ChildProcess.<anonymous> (/usr/lib/node_modules/npm/lib/utils/spawn.js:14:12)
10 verbose stack     at ChildProcess.emit (events.js:98:17)
10 verbose stack     at maybeClose (child_process.js:756:16)
10 verbose stack     at Process.ChildProcess._handle.onexit (child_process.js:823:5)
11 verbose pkgid polymer-element-catalog@1.0.0
12 verbose cwd /home/mbleigh/gigs/catalog
13 error Linux 3.13.0-32-generic
14 error argv "node" "/usr/bin/npm" "run" "serve"
15 error node v0.10.30
16 error npm  v2.5.1
17 error code ELIFECYCLE
18 error polymer-element-catalog@1.0.0 serve: `gulp serve`
18 error Exit status 8
19 error Failed at the polymer-element-catalog@1.0.0 serve script 'gulp serve'.
19 error This is most likely a problem with the polymer-element-catalog package,
19 error not with npm itself.
19 error Tell the author that this fails on your system:
19 error     gulp serve
19 error You can get their info via:
19 error     npm owner ls polymer-element-catalog
19 error There is likely additional logging output above.
20 verbose exit [ 1, true ]
